<?xml version="1.0" encoding="UTF-8"?>
<!-- Generated by org.testng.reporters.JUnitReportReporter -->
<testsuite hostname="DESKTOP-C7ALN6B" failures="0" tests="7" name="com.qc.pom.tests.POMTest" time="5.997" errors="0" timestamp="2024-04-13T09:59:49 IST" skipped="0">
  <testcase classname="com.qc.pom.tests.POMTest" name="doLogin" time="0.717"/>
  <system-out/>
  <testcase classname="com.qc.pom.tests.POMTest" name="doLogin" time="1.881"/>
  <system-out/>
  <testcase classname="com.qc.pom.tests.POMTest" name="doLogin" time="0.865"/>
  <system-out/>
  <testcase classname="com.qc.pom.tests.POMTest" name="doLogin" time="0.648"/>
  <system-out/>
  <testcase classname="com.qc.pom.tests.POMTest" name="doLogin" time="0.662"/>
  <system-out/>
  <testcase classname="com.qc.pom.tests.POMTest" name="doLogin" time="0.526"/>
  <system-out/>
  <testcase classname="com.qc.pom.tests.POMTest" name="doLogin" time="0.698"/>
  <system-out/>
</testsuite> <!-- com.qc.pom.tests.POMTest -->
